빌드 시작: 2015-07-21 오전 9:15:17
     1>2 노드의 "C:\Users\Cho\Documents\GitHub\BoB4_OS\HW_01\HW_01.vcxproj" 프로젝트(Build 대상)입니다.
     1>ClCompile:
         C:\Program Files (x86)\Microsoft Visual Studio 12.0\VC\bin\CL.exe /c /ZI /nologo /W3 /WX- /sdl /Od /Oy- /D WIN32 /D _DEBUG /D _CONSOLE /D _LIB /D _UNICODE /D UNICODE /Gm /EHsc /RTC1 /MDd /GS /fp:precise /Zc:wchar_t /Zc:forScope /Yc"stdafx.h" /Fp"Debug\HW_01.pch" /Fo"Debug\\" /Fd"Debug\vc120.pdb" /Gd /TP /analyze- /errorReport:prompt stdafx.cpp
         stdafx.cpp
         C:\Program Files (x86)\Microsoft Visual Studio 12.0\VC\bin\CL.exe /c /ZI /nologo /W3 /WX- /sdl /Od /Oy- /D WIN32 /D _DEBUG /D _CONSOLE /D _LIB /D _UNICODE /D UNICODE /Gm /EHsc /RTC1 /MDd /GS /fp:precise /Zc:wchar_t /Zc:forScope /Yu"stdafx.h" /Fp"Debug\HW_01.pch" /Fo"Debug\\" /Fd"Debug\vc120.pdb" /Gd /TP /analyze- /errorReport:prompt HW_01.cpp util.cpp
         util.cpp
         HW_01.cpp
     1>c:\users\cho\documents\github\bob4_os\hw_01\hw_01.cpp(252): warning C4101: 'brtv' :참조되지 않은 지역 변수입니다.
     1>c:\users\cho\documents\github\bob4_os\hw_01\hw_01.cpp(333): warning C4101: 'readn' :참조되지 않은 지역 변수입니다.
     1>c:\users\cho\documents\github\bob4_os\hw_01\hw_01.cpp(335): warning C4101: 'read' :참조되지 않은 지역 변수입니다.
     1>c:\users\cho\documents\github\bob4_os\hw_01\hw_01.cpp(334): warning C4101: 'brtv' :참조되지 않은 지역 변수입니다.
         코드를 생성하고 있습니다...
     1>c:\users\cho\documents\github\bob4_os\hw_01\hw_01.cpp(187): warning C4715: 'delete_bob_txt' : 모든 제어 경로에서 값을 반환하지는 않습니다.
       Link:
         C:\Program Files (x86)\Microsoft Visual Studio 12.0\VC\bin\link.exe /ERRORREPORT:PROMPT /OUT:"C:\Users\Cho\Documents\GitHub\BoB4_OS\HW_01\Debug\HW_01.exe" /INCREMENTAL /NOLOGO kernel32.lib user32.lib gdi32.lib winspool.lib comdlg32.lib advapi32.lib shell32.lib ole32.lib oleaut32.lib uuid.lib odbc32.lib odbccp32.lib /MANIFEST /MANIFESTUAC:"level='asInvoker' uiAccess='false'" /manifest:embed /DEBUG /PDB:"C:\Users\Cho\Documents\GitHub\BoB4_OS\HW_01\Debug\HW_01.pdb" /SUBSYSTEM:CONSOLE /TLBID:1 /DYNAMICBASE /NXCOMPAT /IMPLIB:"C:\Users\Cho\Documents\GitHub\BoB4_OS\HW_01\Debug\HW_01.lib" /MACHINE:X86 Debug\HW_01.obj
         Debug\stdafx.obj
         Debug\util.obj
         HW_01.vcxproj -> C:\Users\Cho\Documents\GitHub\BoB4_OS\HW_01\Debug\HW_01.exe
     1>"C:\Users\Cho\Documents\GitHub\BoB4_OS\HW_01\HW_01.vcxproj" 프로젝트를 빌드했습니다(Build 대상).

빌드했습니다.

경과 시간: 00:00:01.40
